[debug] [2024-02-12T08:32:27.590Z] ----------------------------------------------------------------------
[debug] [2024-02-12T08:32:27.595Z] Command:       C:\Program Files\nodejs\node.exe C:\Users\Mandlenkosi\AppData\Roaming\npm\node_modules\firebase-tools\lib\bin\firebase.js init
[debug] [2024-02-12T08:32:27.596Z] CLI Version:   13.2.1
[debug] [2024-02-12T08:32:27.596Z] Platform:      win32
[debug] [2024-02-12T08:32:27.597Z] Node Version:  v18.12.1
[debug] [2024-02-12T08:32:27.599Z] Time:          Mon Feb 12 2024 10:32:27 GMT+0200 (South Africa Standard Time)
[debug] [2024-02-12T08:32:27.599Z] ----------------------------------------------------------------------
[debug] 
[debug] [2024-02-12T08:32:27.614Z] > command requires scopes: ["email","openid","https://www.googleapis.com/auth/cloudplatformprojects.readonly","https://www.googleapis.com/auth/firebase","https://www.googleapis.com/auth/cloud-platform"]
[debug] [2024-02-12T08:32:27.614Z] > authorizing via signed-in user (mandlankosi739@gmail.com)
[info] 
     ######## #### ########  ######## ########     ###     ######  ########
     ##        ##  ##     ## ##       ##     ##  ##   ##  ##       ##
     ######    ##  ########  ######   ########  #########  ######  ######
     ##        ##  ##    ##  ##       ##     ## ##     ##       ## ##
     ##       #### ##     ## ######## ########  ##     ##  ######  ########

You're about to initialize a Firebase project in this directory:

  C:\Work\Personal\07.Christian Shorts

Before we get started, keep in mind:

  * You are currently outside your home directory

[info] 
=== Project Setup
[info] 
[info] First, let's associate this project directory with a Firebase project.
[info] You can create multiple project aliases by running firebase use --add, 
[info] but for now we'll just set up a default project.
[info] 
[debug] [2024-02-12T08:32:37.214Z] >>> [apiv2][query] GET https://firebase.googleapis.com/v1beta1/projects pageSize=100
[debug] [2024-02-12T08:32:38.321Z] <<< [apiv2][status] GET https://firebase.googleapis.com/v1beta1/projects 200
[debug] [2024-02-12T08:32:38.322Z] <<< [apiv2][body] GET https://firebase.googleapis.com/v1beta1/projects [omitted]
[info] i  Using project kiblee-shorts (Kiblee Shorts) 
[info] 
=== Hosting Setup
[debug] [2024-02-12T08:32:43.216Z] >>> [apiv2][query] GET https://firebase.googleapis.com/v1beta1/projects/kiblee-shorts [none]
[debug] [2024-02-12T08:32:44.079Z] <<< [apiv2][status] GET https://firebase.googleapis.com/v1beta1/projects/kiblee-shorts 200
[debug] [2024-02-12T08:32:44.080Z] <<< [apiv2][body] GET https://firebase.googleapis.com/v1beta1/projects/kiblee-shorts {"projectId":"kiblee-shorts","projectNumber":"974880632139","displayName":"Kiblee Shorts","name":"projects/kiblee-shorts","resources":{"hostingSite":"kiblee-shorts"},"state":"ACTIVE","etag":"1_7f727068-9ebe-4b64-8188-0a72bb691612"}
[info] 
[info] Your public directory is the folder (relative to your project directory) that
[info] will contain Hosting assets to be uploaded with firebase deploy. If you
[info] have a build process for your assets, use your build's output directory.
[info] 
[debug] [2024-02-12T08:32:58.693Z] >>> [apiv2][query] GET https://www.gstatic.com/firebasejs/releases.json [none]
[debug] [2024-02-12T08:32:59.486Z] <<< [apiv2][status] GET https://www.gstatic.com/firebasejs/releases.json 200
[debug] [2024-02-12T08:32:59.486Z] <<< [apiv2][body] GET https://www.gstatic.com/firebasejs/releases.json {"current":{"version":"10.8.0","browserURL":"https://www.gstatic.com/firebasejs/10.8.0/firebase.js","packageURL":"https://www.gstatic.com/firebasejs/10.8.0/firebase.tgz"},"live":{"version":"10.8","browserURL":"https://www.gstatic.com/firebasejs/live/10.8/firebase.js","packageURL":"https://www.gstatic.com/firebasejs/live/10.8/firebase.tgz"},"components":{"analytics":"https://www.gstatic.com/firebasejs/10.8.0/firebase-analytics.js","app":"https://www.gstatic.com/firebasejs/10.8.0/firebase-app.js","app-check":"https://www.gstatic.com/firebasejs/10.8.0/firebase-app-check.js","auth":"https://www.gstatic.com/firebasejs/10.8.0/firebase-auth.js","auth/cordova":"https://www.gstatic.com/firebasejs/10.8.0/firebase-auth/cordova.js","auth/web-extension":"https://www.gstatic.com/firebasejs/10.8.0/firebase-auth/web-extension.js","functions":"https://www.gstatic.com/firebasejs/10.8.0/firebase-functions.js","firestore":"https://www.gstatic.com/firebasejs/10.8.0/firebase-firestore.js","firestore/lite":"https://www.gstatic.com/firebasejs/10.8.0/firebase-firestore/lite.js","installations":"https://www.gstatic.com/firebasejs/10.8.0/firebase-installations.js","storage":"https://www.gstatic.com/firebasejs/10.8.0/firebase-storage.js","performance":"https://www.gstatic.com/firebasejs/10.8.0/firebase-performance.js","remote-config":"https://www.gstatic.com/firebasejs/10.8.0/firebase-remote-config.js","messaging":"https://www.gstatic.com/firebasejs/10.8.0/firebase-messaging.js","messaging/sw":"https://www.gstatic.com/firebasejs/10.8.0/firebase-messaging/sw.js","database":"https://www.gstatic.com/firebasejs/10.8.0/firebase-database.js","firestore.memory":"https://www.gstatic.com/firebasejs/10.8.0/firebase-firestore.memory.js"}}
[info] +  Wrote y/index.html 
[info] 
[info] i  Didn't detect a .git folder. Assuming C:\Work\Personal\07.Christian Shorts is the project root. 
[info] i  Authorizing with GitHub to upload your service account to a GitHub repository's secrets store. 
[info] 
[info] Visit this URL on this device to log in:
[info] https://github.com/login/oauth/authorize?client_id=89cf50f02ac6aaed3484&state=935251429&redirect_uri=http%3A%2F%2Flocalhost%3A9005&scope=read%3Auser%20repo%20public_repo
[info] 
[info] Waiting for authentication...
[debug] [2024-02-12T08:33:06.921Z] >>> [apiv2][query] POST https://github.com/login/oauth/access_token [none]
[debug] [2024-02-12T08:33:06.922Z] >>> [apiv2][body] POST https://github.com/login/oauth/access_token [stream]
[debug] [2024-02-12T08:33:07.500Z] <<< [apiv2][status] POST https://github.com/login/oauth/access_token 200
[debug] [2024-02-12T08:33:07.501Z] <<< [apiv2][body] POST https://github.com/login/oauth/access_token {"access_token":"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","token_type":"bearer","scope":"read:user,repo"}
[debug] [2024-02-12T08:33:07.546Z] >>> [apiv2][query] GET https://api.github.com/user [none]
[debug] [2024-02-12T08:33:08.046Z] <<< [apiv2][status] GET https://api.github.com/user 200
[debug] [2024-02-12T08:33:08.047Z] <<< [apiv2][body] GET https://api.github.com/user {"login":"fanatII1","id":76525056,"node_id":"MDQ6VXNlcjc2NTI1MDU2","avatar_url":"https://avatars.githubusercontent.com/u/76525056?v=4","gravatar_id":"","url":"https://api.github.com/users/fanatII1","html_url":"https://github.com/fanatII1","followers_url":"https://api.github.com/users/fanatII1/followers","following_url":"https://api.github.com/users/fanatII1/following{/other_user}","gists_url":"https://api.github.com/users/fanatII1/gists{/gist_id}","starred_url":"https://api.github.com/users/fanatII1/starred{/owner}{/repo}","subscriptions_url":"https://api.github.com/users/fanatII1/subscriptions","organizations_url":"https://api.github.com/users/fanatII1/orgs","repos_url":"https://api.github.com/users/fanatII1/repos","events_url":"https://api.github.com/users/fanatII1/events{/privacy}","received_events_url":"https://api.github.com/users/fanatII1/received_events","type":"User","site_admin":false,"name":"Mandlenkosi ","company":null,"blog":"","location":null,"email":null,"hireable":null,"bio":"Full-Stack Developer","twitter_username":null,"public_repos":29,"public_gists":0,"followers":4,"following":8,"created_at":"2020-12-23T14:00:48Z","updated_at":"2024-02-12T08:33:04Z","private_gists":0,"total_private_repos":1,"owned_private_repos":1,"disk_usage":481798,"collaborators":0,"two_factor_authentication":false,"plan":{"name":"free","space":976562499,"collaborators":0,"private_repos":10000}}
[info] 
[info] +  Success! Logged into GitHub as fanatII1 
[info] 
[debug] [2024-02-12T08:33:16.101Z] >>> [apiv2][query] GET https://api.github.com/repos/y/actions/secrets/public-key type=owner
[debug] [2024-02-12T08:33:16.791Z] >>> [apiv2][query] GET https://api.github.com/repos//actions/secrets/public-key type=owner
[debug] [2024-02-12T08:33:16.846Z] <<< [apiv2][status] GET https://api.github.com/repos/y/actions/secrets/public-key 404
[debug] [2024-02-12T08:33:16.846Z] <<< [apiv2][body] GET https://api.github.com/repos/y/actions/secrets/public-key {"message":"Not Found","documentation_url":"https://docs.github.com/rest"}
[info] 
[info] 
[error] !  The provided authorization cannot be used with this repository. If this repository is in an organization, did you remember to grant access? 
[info] 
[info] i  Action required: Visit this URL to ensure access has been granted to the appropriate organization(s) for the Firebase CLI GitHub OAuth App: 
[info] https://github.com/settings/connections/applications/89cf50f02ac6aaed3484
[info] 
[debug] [2024-02-12T08:33:17.385Z] <<< [apiv2][status] GET https://api.github.com/repos//actions/secrets/public-key 404
[debug] [2024-02-12T08:33:17.386Z] <<< [apiv2][body] GET https://api.github.com/repos//actions/secrets/public-key {"message":"Not Found","documentation_url":"https://docs.github.com/rest"}
[info] 
[info] 
[error] !  The provided authorization cannot be used with this repository. If this repository is in an organization, did you remember to grant access? 
[info] 
[info] i  Action required: Visit this URL to ensure access has been granted to the appropriate organization(s) for the Firebase CLI GitHub OAuth App: 
[info] https://github.com/settings/connections/applications/89cf50f02ac6aaed3484
[info] 
[debug] [2024-02-12T08:33:21.856Z] >>> [apiv2][query] GET https://api.github.com/repos/y/actions/secrets/public-key type=owner
[debug] [2024-02-12T08:33:22.454Z] <<< [apiv2][status] GET https://api.github.com/repos/y/actions/secrets/public-key 404
[debug] [2024-02-12T08:33:22.454Z] <<< [apiv2][body] GET https://api.github.com/repos/y/actions/secrets/public-key {"message":"Not Found","documentation_url":"https://docs.github.com/rest"}
[info] 
[info] 
[error] !  The provided authorization cannot be used with this repository. If this repository is in an organization, did you remember to grant access? 
[info] 
[info] i  Action required: Visit this URL to ensure access has been granted to the appropriate organization(s) for the Firebase CLI GitHub OAuth App: 
[info] https://github.com/settings/connections/applications/89cf50f02ac6aaed3484
[info] 
[debug] [2024-02-12T08:33:55.719Z] >>> [apiv2][query] GET https://api.github.com/repos/y/actions/secrets/public-key type=owner
[debug] [2024-02-12T08:33:56.401Z] <<< [apiv2][status] GET https://api.github.com/repos/y/actions/secrets/public-key 404
[debug] [2024-02-12T08:33:56.402Z] <<< [apiv2][body] GET https://api.github.com/repos/y/actions/secrets/public-key {"message":"Not Found","documentation_url":"https://docs.github.com/rest"}
[info] 
[info] 
[error] !  The provided authorization cannot be used with this repository. If this repository is in an organization, did you remember to grant access? 
[info] 
[info] i  Action required: Visit this URL to ensure access has been granted to the appropriate organization(s) for the Firebase CLI GitHub OAuth App: 
[info] https://github.com/settings/connections/applications/89cf50f02ac6aaed3484
[info] 
[debug] [2024-02-12T08:33:56.409Z] >>> [apiv2][query] GET https://api.github.com/repos/y/actions/secrets/public-key type=owner
[debug] [2024-02-12T08:33:56.871Z] <<< [apiv2][status] GET https://api.github.com/repos/y/actions/secrets/public-key 404
[debug] [2024-02-12T08:33:56.872Z] <<< [apiv2][body] GET https://api.github.com/repos/y/actions/secrets/public-key {"message":"Not Found","documentation_url":"https://docs.github.com/rest"}
[info] 
[info] 
[error] !  The provided authorization cannot be used with this repository. If this repository is in an organization, did you remember to grant access? 
[info] 
[info] i  Action required: Visit this URL to ensure access has been granted to the appropriate organization(s) for the Firebase CLI GitHub OAuth App: 
[info] https://github.com/settings/connections/applications/89cf50f02ac6aaed3484
[info] 
[debug] [2024-02-12T08:33:59.148Z] >>> [apiv2][query] GET https://api.github.com/repos//actions/secrets/public-key type=owner
[debug] [2024-02-12T08:33:59.900Z] <<< [apiv2][status] GET https://api.github.com/repos//actions/secrets/public-key 404
[debug] [2024-02-12T08:33:59.900Z] <<< [apiv2][body] GET https://api.github.com/repos//actions/secrets/public-key {"message":"Not Found","documentation_url":"https://docs.github.com/rest"}
[info] 
[info] 
[error] !  The provided authorization cannot be used with this repository. If this repository is in an organization, did you remember to grant access? 
[info] 
[info] i  Action required: Visit this URL to ensure access has been granted to the appropriate organization(s) for the Firebase CLI GitHub OAuth App: 
[info] https://github.com/settings/connections/applications/89cf50f02ac6aaed3484
[info] 
[debug] [2024-02-12T08:34:00.166Z] >>> [apiv2][query] GET https://api.github.com/repos//actions/secrets/public-key type=owner
[debug] [2024-02-12T08:34:01.606Z] <<< [apiv2][status] GET https://api.github.com/repos//actions/secrets/public-key 404
[debug] [2024-02-12T08:34:01.606Z] <<< [apiv2][body] GET https://api.github.com/repos//actions/secrets/public-key {"message":"Not Found","documentation_url":"https://docs.github.com/rest"}
[info] 
[info] 
[error] !  The provided authorization cannot be used with this repository. If this repository is in an organization, did you remember to grant access? 
[info] 
[info] i  Action required: Visit this URL to ensure access has been granted to the appropriate organization(s) for the Firebase CLI GitHub OAuth App: 
[info] https://github.com/settings/connections/applications/89cf50f02ac6aaed3484
[info] 
[debug] [2024-02-12T08:35:14.910Z] >>> [apiv2][query] GET https://api.github.com/repos//actions/secrets/public-key type=owner
[debug] [2024-02-12T08:35:15.578Z] <<< [apiv2][status] GET https://api.github.com/repos//actions/secrets/public-key 404
[debug] [2024-02-12T08:35:15.578Z] <<< [apiv2][body] GET https://api.github.com/repos//actions/secrets/public-key {"message":"Not Found","documentation_url":"https://docs.github.com/rest"}
[info] 
[info] 
[error] !  The provided authorization cannot be used with this repository. If this repository is in an organization, did you remember to grant access? 
[info] 
[info] i  Action required: Visit this URL to ensure access has been granted to the appropriate organization(s) for the Firebase CLI GitHub OAuth App: 
[info] https://github.com/settings/connections/applications/89cf50f02ac6aaed3484
[info] 
[debug] [2024-02-12T08:35:53.034Z] ----------------------------------------------------------------------
[debug] [2024-02-12T08:35:53.039Z] Command:       C:\Program Files\nodejs\node.exe C:\Users\Mandlenkosi\AppData\Roaming\npm\node_modules\firebase-tools\lib\bin\firebase.js init
[debug] [2024-02-12T08:35:53.040Z] CLI Version:   13.2.1
[debug] [2024-02-12T08:35:53.040Z] Platform:      win32
[debug] [2024-02-12T08:35:53.041Z] Node Version:  v18.12.1
[debug] [2024-02-12T08:35:53.042Z] Time:          Mon Feb 12 2024 10:35:53 GMT+0200 (South Africa Standard Time)
[debug] [2024-02-12T08:35:53.042Z] ----------------------------------------------------------------------
[debug] 
[debug] [2024-02-12T08:35:53.055Z] > command requires scopes: ["email","openid","https://www.googleapis.com/auth/cloudplatformprojects.readonly","https://www.googleapis.com/auth/firebase","https://www.googleapis.com/auth/cloud-platform"]
[debug] [2024-02-12T08:35:53.056Z] > authorizing via signed-in user (mandlankosi739@gmail.com)
[info] 
     ######## #### ########  ######## ########     ###     ######  ########
     ##        ##  ##     ## ##       ##     ##  ##   ##  ##       ##
     ######    ##  ########  ######   ########  #########  ######  ######
     ##        ##  ##    ##  ##       ##     ## ##     ##       ## ##
     ##       #### ##     ## ######## ########  ##     ##  ######  ########

You're about to initialize a Firebase project in this directory:

  C:\Work\Personal\07.Christian Shorts

Before we get started, keep in mind:

  * You are currently outside your home directory

[info] 
=== Project Setup
[info] 
[info] First, let's associate this project directory with a Firebase project.
[info] You can create multiple project aliases by running firebase use --add, 
[info] but for now we'll just set up a default project.
[info] 
[debug] [2024-02-12T08:36:00.987Z] >>> [apiv2][query] GET https://firebase.googleapis.com/v1beta1/projects pageSize=100
[debug] [2024-02-12T08:36:02.179Z] <<< [apiv2][status] GET https://firebase.googleapis.com/v1beta1/projects 200
[debug] [2024-02-12T08:36:02.180Z] <<< [apiv2][body] GET https://firebase.googleapis.com/v1beta1/projects [omitted]
[info] i  Using project kiblee-shorts (Kiblee Shorts) 
[info] 
=== Hosting Setup
[debug] [2024-02-12T08:36:04.743Z] >>> [apiv2][query] GET https://firebase.googleapis.com/v1beta1/projects/kiblee-shorts [none]
[debug] [2024-02-12T08:36:05.661Z] <<< [apiv2][status] GET https://firebase.googleapis.com/v1beta1/projects/kiblee-shorts 200
[debug] [2024-02-12T08:36:05.662Z] <<< [apiv2][body] GET https://firebase.googleapis.com/v1beta1/projects/kiblee-shorts {"projectId":"kiblee-shorts","projectNumber":"974880632139","displayName":"Kiblee Shorts","name":"projects/kiblee-shorts","resources":{"hostingSite":"kiblee-shorts"},"state":"ACTIVE","etag":"1_7f727068-9ebe-4b64-8188-0a72bb691612"}
[info] 
[info] Your public directory is the folder (relative to your project directory) that
[info] will contain Hosting assets to be uploaded with firebase deploy. If you
[info] have a build process for your assets, use your build's output directory.
[info] 
[debug] [2024-02-12T08:36:13.461Z] >>> [apiv2][query] GET https://www.gstatic.com/firebasejs/releases.json [none]
[debug] [2024-02-12T08:36:13.935Z] <<< [apiv2][status] GET https://www.gstatic.com/firebasejs/releases.json 200
[debug] [2024-02-12T08:36:13.935Z] <<< [apiv2][body] GET https://www.gstatic.com/firebasejs/releases.json {"current":{"version":"10.8.0","browserURL":"https://www.gstatic.com/firebasejs/10.8.0/firebase.js","packageURL":"https://www.gstatic.com/firebasejs/10.8.0/firebase.tgz"},"live":{"version":"10.8","browserURL":"https://www.gstatic.com/firebasejs/live/10.8/firebase.js","packageURL":"https://www.gstatic.com/firebasejs/live/10.8/firebase.tgz"},"components":{"analytics":"https://www.gstatic.com/firebasejs/10.8.0/firebase-analytics.js","app":"https://www.gstatic.com/firebasejs/10.8.0/firebase-app.js","app-check":"https://www.gstatic.com/firebasejs/10.8.0/firebase-app-check.js","auth":"https://www.gstatic.com/firebasejs/10.8.0/firebase-auth.js","auth/cordova":"https://www.gstatic.com/firebasejs/10.8.0/firebase-auth/cordova.js","auth/web-extension":"https://www.gstatic.com/firebasejs/10.8.0/firebase-auth/web-extension.js","functions":"https://www.gstatic.com/firebasejs/10.8.0/firebase-functions.js","firestore":"https://www.gstatic.com/firebasejs/10.8.0/firebase-firestore.js","firestore/lite":"https://www.gstatic.com/firebasejs/10.8.0/firebase-firestore/lite.js","installations":"https://www.gstatic.com/firebasejs/10.8.0/firebase-installations.js","storage":"https://www.gstatic.com/firebasejs/10.8.0/firebase-storage.js","performance":"https://www.gstatic.com/firebasejs/10.8.0/firebase-performance.js","remote-config":"https://www.gstatic.com/firebasejs/10.8.0/firebase-remote-config.js","messaging":"https://www.gstatic.com/firebasejs/10.8.0/firebase-messaging.js","messaging/sw":"https://www.gstatic.com/firebasejs/10.8.0/firebase-messaging/sw.js","database":"https://www.gstatic.com/firebasejs/10.8.0/firebase-database.js","firestore.memory":"https://www.gstatic.com/firebasejs/10.8.0/firebase-firestore.memory.js"}}
[info] i  Skipping write of y/index.html 
[info] 
[info] i  Didn't detect a .git folder. Assuming C:\Work\Personal\07.Christian Shorts is the project root. 
[info] i  Authorizing with GitHub to upload your service account to a GitHub repository's secrets store. 
[info] 
[info] Visit this URL on this device to log in:
[info] https://github.com/login/oauth/authorize?client_id=89cf50f02ac6aaed3484&state=27576200&redirect_uri=http%3A%2F%2Flocalhost%3A9005&scope=read%3Auser%20repo%20public_repo
[info] 
[info] Waiting for authentication...
[debug] [2024-02-12T08:36:26.946Z] >>> [apiv2][query] POST https://github.com/login/oauth/access_token [none]
[debug] [2024-02-12T08:36:26.947Z] >>> [apiv2][body] POST https://github.com/login/oauth/access_token [stream]
[debug] [2024-02-12T08:36:27.597Z] <<< [apiv2][status] POST https://github.com/login/oauth/access_token 200
[debug] [2024-02-12T08:36:27.597Z] <<< [apiv2][body] POST https://github.com/login/oauth/access_token {"access_token":"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","token_type":"bearer","scope":"read:user,repo"}
[debug] [2024-02-12T08:36:27.623Z] >>> [apiv2][query] GET https://api.github.com/user [none]
[debug] [2024-02-12T08:36:28.150Z] <<< [apiv2][status] GET https://api.github.com/user 200
[debug] [2024-02-12T08:36:28.151Z] <<< [apiv2][body] GET https://api.github.com/user {"login":"fanatII1","id":76525056,"node_id":"MDQ6VXNlcjc2NTI1MDU2","avatar_url":"https://avatars.githubusercontent.com/u/76525056?v=4","gravatar_id":"","url":"https://api.github.com/users/fanatII1","html_url":"https://github.com/fanatII1","followers_url":"https://api.github.com/users/fanatII1/followers","following_url":"https://api.github.com/users/fanatII1/following{/other_user}","gists_url":"https://api.github.com/users/fanatII1/gists{/gist_id}","starred_url":"https://api.github.com/users/fanatII1/starred{/owner}{/repo}","subscriptions_url":"https://api.github.com/users/fanatII1/subscriptions","organizations_url":"https://api.github.com/users/fanatII1/orgs","repos_url":"https://api.github.com/users/fanatII1/repos","events_url":"https://api.github.com/users/fanatII1/events{/privacy}","received_events_url":"https://api.github.com/users/fanatII1/received_events","type":"User","site_admin":false,"name":"Mandlenkosi ","company":null,"blog":"","location":null,"email":null,"hireable":null,"bio":"Full-Stack Developer","twitter_username":null,"public_repos":29,"public_gists":0,"followers":4,"following":8,"created_at":"2020-12-23T14:00:48Z","updated_at":"2024-02-12T08:33:04Z","private_gists":0,"total_private_repos":1,"owned_private_repos":1,"disk_usage":481798,"collaborators":0,"two_factor_authentication":false,"plan":{"name":"free","space":976562499,"collaborators":0,"private_repos":10000}}
[info] 
[info] +  Success! Logged into GitHub as fanatII1 
[info] 
